<?xml version="1.0" encoding="UTF-8"?>
<testng-results ignored="0" total="1" passed="1" failed="0" skipped="0">
  <reporter-output>
  </reporter-output>
  <suite started-at="2021-06-22T08:49:21Z" name="Default suite" finished-at="2021-06-22T08:49:46Z" duration-ms="25039">
    <groups>
    </groups>
    <test started-at="2021-06-22T08:49:21Z" name="Default test" finished-at="2021-06-22T08:49:46Z" duration-ms="25039">
      <class name="Study.Studying.Pega">
        <test-method signature="Login()[pri:0, instance:Study.Studying.Pega@7776ab]" started-at="2021-06-22T14:19:21Z" name="Login" finished-at="2021-06-22T14:19:46Z" duration-ms="25023" status="PASS">
          <reporter-output>
          </reporter-output>
        </test-method> <!-- Login -->
      </class> <!-- Study.Studying.Pega -->
    </test> <!-- Default test -->
  </suite> <!-- Default suite -->
</testng-results>
